<?xml version="1.0" encoding="UTF-8"?>
<testng-results ignored="0" total="1" passed="1" failed="0" skipped="0">
  <reporter-output>
  </reporter-output>
  <suite started-at="2023-11-30T16:28:01 IST" name="BasicSuite" finished-at="2023-11-30T16:28:03 IST" duration-ms="1771">
    <groups>
    </groups>
    <test started-at="2023-11-30T16:28:01 IST" name="SeleniumAutomationOrangeHRM" finished-at="2023-11-30T16:28:03 IST" duration-ms="1771">
      <class name="com.crm.testcases.Login">
        <test-method is-config="true" signature="setUp()[pri:0, instance:com.crm.testcases.Login@78123e82]" started-at="2023-11-30T16:27:56 IST" name="setUp" finished-at="2023-11-30T16:28:01 IST" duration-ms="5234" status="PASS">
          <reporter-output>
          </reporter-output>
        </test-method> <!-- setUp -->
        <test-method signature="TC001_VerifyLoginWithValidUser()[pri:0, instance:com.crm.testcases.Login@78123e82]" started-at="2023-11-30T16:28:01 IST" name="TC001_VerifyLoginWithValidUser" finished-at="2023-11-30T16:28:03 IST" duration-ms="1750" status="PASS">
          <reporter-output>
          </reporter-output>
        </test-method> <!-- TC001_VerifyLoginWithValidUser -->
        <test-method is-config="true" signature="tearDown()[pri:0, instance:com.crm.testcases.Login@78123e82]" started-at="2023-11-30T16:28:03 IST" name="tearDown" finished-at="2023-11-30T16:28:03 IST" duration-ms="52" status="PASS">
          <reporter-output>
          </reporter-output>
        </test-method> <!-- tearDown -->
      </class> <!-- com.crm.testcases.Login -->
    </test> <!-- SeleniumAutomationOrangeHRM -->
  </suite> <!-- BasicSuite -->
</testng-results>
